  riku_buffer.cc
  riku_core.cc
  riku_crypto.cc
  riku_date.cc
  riku_dylib.cc
  riku_fs.cc
  riku_gmath.cc
  riku_json.cc
  riku_math.cc
  riku_memory.cc
  riku_net.cc
  riku_os.cc
  riku_path.cc
  riku_stream.cc
  riku_string.cc
  riku_thread.cc
  riku_zlib.cc
  riku_windows_fiber.cc
  riku_windows_fs.cc
d:\aniview\3rdparty\riku\src\riku_string.cc(131): warning C4804: '-': unsafe use of type 'bool' in operation
d:\aniview\3rdparty\riku\src\riku_string.cc(147): warning C4804: '-': unsafe use of type 'bool' in operation
d:\aniview\3rdparty\riku\src\riku_net.cc(148): warning C4701: potentially uninitialized local variable 'sockfd' used
d:\aniview\3rdparty\riku\src\riku_net.cc(211): warning C4701: potentially uninitialized local variable 'sockfd' used
d:\aniview\3rdparty\riku\src\windows\riku_windows_fiber.cc(29): warning C4458: declaration of 'func' hides class member
  d:\aniview\3rdparty\riku\include\riku\thread.h(91): note: see declaration of 'Fiber::func' (compiling source file ..\..\..\3rdparty\riku\src\windows\riku_windows_fiber.cc)
  adler32.c
  compress.c
  crc32.c
  deflate.c
  gzclose.c
  gzlib.c
  gzread.c
  gzwrite.c
d:\aniview\3rdparty\riku\3rdparty\zlib-1.2.11\compress.c(23): warning C4131: 'compress2': uses old-style declarator
d:\aniview\3rdparty\riku\3rdparty\zlib-1.2.11\compress.c(69): warning C4131: 'compress': uses old-style declarator
d:\aniview\3rdparty\riku\3rdparty\zlib-1.2.11\compress.c(82): warning C4131: 'compressBound': uses old-style declarator
d:\aniview\3rdparty\riku\3rdparty\zlib-1.2.11\adler32.c(64): warning C4131: 'adler32_z': uses old-style declarator
d:\aniview\3rdparty\riku\3rdparty\zlib-1.2.11\adler32.c(135): warning C4131: 'adler32': uses old-style declarator
d:\aniview\3rdparty\riku\3rdparty\zlib-1.2.11\adler32.c(144): warning C4131: 'adler32_combine_': uses old-style declarator
d:\aniview\3rdparty\riku\3rdparty\zlib-1.2.11\adler32.c(173): warning C4131: 'adler32_combine': uses old-style declarator
d:\aniview\3rdparty\riku\3rdparty\zlib-1.2.11\adler32.c(181): warning C4131: 'adler32_combine64': uses old-style declarator
d:\aniview\3rdparty\riku\3rdparty\zlib-1.2.11\crc32.c(203): warning C4131: 'crc32_z': uses old-style declarator
d:\aniview\3rdparty\riku\3rdparty\zlib-1.2.11\crc32.c(215): warning C4127: conditional expression is constant
d:\aniview\3rdparty\riku\3rdparty\zlib-1.2.11\crc32.c(238): warning C4131: 'crc32': uses old-style declarator
d:\aniview\3rdparty\riku\3rdparty\zlib-1.2.11\crc32.c(267): warning C4131: 'crc32_little': uses old-style declarator
d:\aniview\3rdparty\riku\3rdparty\zlib-1.2.11\crc32.c(307): warning C4131: 'crc32_big': uses old-style declarator
d:\aniview\3rdparty\riku\3rdparty\zlib-1.2.11\crc32.c(345): warning C4131: 'gf2_matrix_times': uses old-style declarator
d:\aniview\3rdparty\riku\3rdparty\zlib-1.2.11\crc32.c(362): warning C4131: 'gf2_matrix_square': uses old-style declarator
d:\aniview\3rdparty\riku\3rdparty\zlib-1.2.11\crc32.c(373): warning C4131: 'crc32_combine_': uses old-style declarator
d:\aniview\3rdparty\riku\3rdparty\zlib-1.2.11\crc32.c(429): warning C4131: 'crc32_combine': uses old-style declarator
d:\aniview\3rdparty\riku\3rdparty\zlib-1.2.11\crc32.c(437): warning C4131: 'crc32_combine64': uses old-style declarator
d:\aniview\3rdparty\riku\3rdparty\zlib-1.2.11\deflate.c(202): warning C4131: 'slide_hash': uses old-style declarator
d:\aniview\3rdparty\riku\3rdparty\zlib-1.2.11\deflate.c(229): warning C4131: 'deflateInit_': uses old-style declarator
d:\aniview\3rdparty\riku\3rdparty\zlib-1.2.11\deflate.c(242): warning C4131: 'deflateInit2_': uses old-style declarator
d:\aniview\3rdparty\riku\3rdparty\zlib-1.2.11\deflate.c(354): warning C4131: 'deflateStateCheck': uses old-style declarator
d:\aniview\3rdparty\riku\3rdparty\zlib-1.2.11\deflate.c(377): warning C4131: 'deflateSetDictionary': uses old-style declarator
d:\aniview\3rdparty\riku\3rdparty\zlib-1.2.11\deflate.c(446): warning C4131: 'deflateGetDictionary': uses old-style declarator
d:\aniview\3rdparty\riku\3rdparty\zlib-1.2.11\deflate.c(468): warning C4131: 'deflateResetKeep': uses old-style declarator
d:\aniview\3rdparty\riku\3rdparty\zlib-1.2.11\deflate.c(506): warning C4131: 'deflateReset': uses old-style declarator
d:\aniview\3rdparty\riku\3rdparty\zlib-1.2.11\deflate.c(518): warning C4131: 'deflateSetHeader': uses old-style declarator
d:\aniview\3rdparty\riku\3rdparty\zlib-1.2.11\deflate.c(529): warning C4131: 'deflatePending': uses old-style declarator
d:\aniview\3rdparty\riku\3rdparty\zlib-1.2.11\deflate.c(543): warning C4131: 'deflatePrime': uses old-style declarator
d:\aniview\3rdparty\riku\3rdparty\zlib-1.2.11\deflate.c(569): warning C4131: 'deflateParams': uses old-style declarator
d:\aniview\3rdparty\riku\3rdparty\zlib-1.2.11\deflate.c(618): warning C4131: 'deflateTune': uses old-style declarator
d:\aniview\3rdparty\riku\3rdparty\zlib-1.2.11\deflate.c(653): warning C4131: 'deflateBound': uses old-style declarator
d:\aniview\3rdparty\riku\3rdparty\zlib-1.2.11\deflate.c(717): warning C4131: 'putShortMSB': uses old-style declarator
d:\aniview\3rdparty\riku\3rdparty\zlib-1.2.11\deflate.c(731): warning C4131: 'flush_pending': uses old-style declarator
d:\aniview\3rdparty\riku\3rdparty\zlib-1.2.11\deflate.c(764): warning C4131: 'deflate': uses old-style declarator
  infback.c
d:\aniview\3rdparty\riku\3rdparty\zlib-1.2.11\deflate.c(1077): warning C4131: 'deflateEnd': uses old-style declarator
d:\aniview\3rdparty\riku\3rdparty\zlib-1.2.11\deflate.c(1103): warning C4131: 'deflateCopy': uses old-style declarator
d:\aniview\3rdparty\riku\3rdparty\zlib-1.2.11\deflate.c(1165): warning C4131: 'read_buf': uses old-style declarator
d:\aniview\3rdparty\riku\3rdparty\zlib-1.2.11\deflate.c(1195): warning C4131: 'lm_init': uses old-style declarator
d:\aniview\3rdparty\riku\3rdparty\zlib-1.2.11\deflate.c(1237): warning C4131: 'longest_match': uses old-style declarator
d:\aniview\3rdparty\riku\3rdparty\zlib-1.2.11\deflate.c(1483): warning C4131: 'fill_window': uses old-style declarator
d:\aniview\3rdparty\riku\3rdparty\zlib-1.2.11\deflate.c(1495): warning C4127: conditional expression is constant
  inffast.c
d:\aniview\3rdparty\riku\3rdparty\zlib-1.2.11\deflate.c(1644): warning C4131: 'deflate_stored': uses old-style declarator
d:\aniview\3rdparty\riku\3rdparty\zlib-1.2.11\deflate.c(1693): warning C4244: '=': conversion from 'unsigned int' to 'Bytef', possible loss of data
d:\aniview\3rdparty\riku\3rdparty\zlib-1.2.11\deflate.c(1694): warning C4244: '=': conversion from 'unsigned int' to 'Bytef', possible loss of data
d:\aniview\3rdparty\riku\3rdparty\zlib-1.2.11\deflate.c(1695): warning C4244: '=': conversion from 'unsigned int' to 'Bytef', possible loss of data
d:\aniview\3rdparty\riku\3rdparty\zlib-1.2.11\deflate.c(1696): warning C4244: '=': conversion from 'unsigned int' to 'Bytef', possible loss of data
d:\aniview\3rdparty\riku\3rdparty\zlib-1.2.11\deflate.c(1825): warning C4131: 'deflate_fast': uses old-style declarator
d:\aniview\3rdparty\riku\3rdparty\zlib-1.2.11\deflate.c(1927): warning C4131: 'deflate_slow': uses old-style declarator
d:\aniview\3rdparty\riku\3rdparty\zlib-1.2.11\deflate.c(2058): warning C4131: 'deflate_rle': uses old-style declarator
d:\aniview\3rdparty\riku\3rdparty\zlib-1.2.11\deflate.c(2131): warning C4131: 'deflate_huff': uses old-style declarator
d:\aniview\3rdparty\riku\3rdparty\zlib-1.2.11\gzclose.c(12): warning C4131: 'gzclose': uses old-style declarator
d:\aniview\3rdparty\riku\3rdparty\zlib-1.2.11\gzlib.c(76): warning C4131: 'gz_reset': uses old-style declarator
d:\aniview\3rdparty\riku\3rdparty\zlib-1.2.11\gzwrite.c(18): warning C4131: 'gz_init': uses old-style declarator
d:\aniview\3rdparty\riku\3rdparty\zlib-1.2.11\infback.c(29): warning C4131: 'inflateBackInit_': uses old-style declarator
d:\aniview\3rdparty\riku\3rdparty\zlib-1.2.11\gzlib.c(92): warning C4131: 'gz_open': uses old-style declarator
d:\aniview\3rdparty\riku\3rdparty\zlib-1.2.11\infback.c(83): warning C4131: 'fixedtables': uses old-style declarator
d:\aniview\3rdparty\riku\3rdparty\zlib-1.2.11\gzwrite.c(74): warning C4131: 'gz_comp': uses old-style declarator
d:\aniview\3rdparty\riku\3rdparty\zlib-1.2.11\gzlib.c(245): warning C4996: 'open': The POSIX name for this item is deprecated. Instead, use the ISO C and C++ conformant name: _open. See online help for details.
  c:\program files (x86)\windows kits\10\include\10.0.10240.0\ucrt\corecrt_io.h(514): note: see declaration of 'open'
d:\aniview\3rdparty\riku\3rdparty\zlib-1.2.11\gzread.c(22): warning C4131: 'gz_load': uses old-style declarator
d:\aniview\3rdparty\riku\3rdparty\zlib-1.2.11\gzwrite.c(89): warning C4996: 'write': The POSIX name for this item is deprecated. Instead, use the ISO C and C++ conformant name: _write. See online help for details.
  c:\program files (x86)\windows kits\10\include\10.0.10240.0\ucrt\corecrt_io.h(556): note: see declaration of 'write'
d:\aniview\3rdparty\riku\3rdparty\zlib-1.2.11\gzlib.c(271): warning C4131: 'gzopen': uses old-style declarator
d:\aniview\3rdparty\riku\3rdparty\zlib-1.2.11\gzwrite.c(110): warning C4996: 'write': The POSIX name for this item is deprecated. Instead, use the ISO C and C++ conformant name: _write. See online help for details.
d:\aniview\3rdparty\riku\3rdparty\zlib-1.2.11\gzread.c(35): warning C4996: 'read': The POSIX name for this item is deprecated. Instead, use the ISO C and C++ conformant name: _read. See online help for details.
  c:\program files (x86)\windows kits\10\include\10.0.10240.0\ucrt\corecrt_io.h(556): note: see declaration of 'write'
  c:\program files (x86)\windows kits\10\include\10.0.10240.0\ucrt\corecrt_io.h(521): note: see declaration of 'read'
d:\aniview\3rdparty\riku\3rdparty\zlib-1.2.11\gzlib.c(279): warning C4131: 'gzopen64': uses old-style declarator
d:\aniview\3rdparty\riku\3rdparty\zlib-1.2.11\gzwrite.c(146): warning C4131: 'gz_zero': uses old-style declarator
d:\aniview\3rdparty\riku\3rdparty\zlib-1.2.11\gzread.c(57): warning C4131: 'gz_avail': uses old-style declarator
  inflate.c
d:\aniview\3rdparty\riku\3rdparty\zlib-1.2.11\gzlib.c(287): warning C4131: 'gzdopen': uses old-style declarator
d:\aniview\3rdparty\riku\3rdparty\zlib-1.2.11\gzwrite.c(179): warning C4131: 'gz_write': uses old-style declarator
d:\aniview\3rdparty\riku\3rdparty\zlib-1.2.11\gzlib.c(308): warning C4131: 'gzopen_w': uses old-style declarator
d:\aniview\3rdparty\riku\3rdparty\zlib-1.2.11\gzread.c(92): warning C4131: 'gz_look': uses old-style declarator
d:\aniview\3rdparty\riku\3rdparty\zlib-1.2.11\gzlib.c(317): warning C4131: 'gzbuffer': uses old-style declarator
d:\aniview\3rdparty\riku\3rdparty\zlib-1.2.11\gzwrite.c(247): warning C4131: 'gzwrite': uses old-style declarator
d:\aniview\3rdparty\riku\3rdparty\zlib-1.2.11\gzlib.c(344): warning C4131: 'gzrewind': uses old-style declarator
d:\aniview\3rdparty\riku\3rdparty\zlib-1.2.11\gzwrite.c(275): warning C4131: 'gzfwrite': uses old-style declarator
d:\aniview\3rdparty\riku\3rdparty\zlib-1.2.11\gzlib.c(367): warning C4131: 'gzseek64': uses old-style declarator
d:\aniview\3rdparty\riku\3rdparty\zlib-1.2.11\gzwrite.c(305): warning C4131: 'gzputc': uses old-style declarator
d:\aniview\3rdparty\riku\3rdparty\zlib-1.2.11\infback.c(251): warning C4131: 'inflateBack': uses old-style declarator
d:\aniview\3rdparty\riku\3rdparty\zlib-1.2.11\gzread.c(176): warning C4131: 'gz_decomp': uses old-style declarator
d:\aniview\3rdparty\riku\3rdparty\zlib-1.2.11\gzlib.c(444): warning C4131: 'gzseek': uses old-style declarator
d:\aniview\3rdparty\riku\3rdparty\zlib-1.2.11\gzlib.c(456): warning C4131: 'gztell64': uses old-style declarator
  inftrees.c
d:\aniview\3rdparty\riku\3rdparty\zlib-1.2.11\gzwrite.c(353): warning C4131: 'gzputs': uses old-style declarator
d:\aniview\3rdparty\riku\3rdparty\zlib-1.2.11\gzread.c(230): warning C4131: 'gz_fetch': uses old-style declarator
d:\aniview\3rdparty\riku\3rdparty\zlib-1.2.11\gzlib.c(473): warning C4131: 'gztell': uses old-style declarator
d:\aniview\3rdparty\riku\3rdparty\zlib-1.2.11\gzlib.c(483): warning C4131: 'gzoffset64': uses old-style declarator
d:\aniview\3rdparty\riku\3rdparty\zlib-1.2.11\gzlib.c(506): warning C4131: 'gzoffset': uses old-style declarator
d:\aniview\3rdparty\riku\3rdparty\zlib-1.2.11\gzwrite.c(554): warning C4131: 'gzflush': uses old-style declarator
d:\aniview\3rdparty\riku\3rdparty\zlib-1.2.11\gzread.c(260): warning C4131: 'gz_skip': uses old-style declarator
d:\aniview\3rdparty\riku\3rdparty\zlib-1.2.11\gzlib.c(516): warning C4131: 'gzeof': uses old-style declarator
d:\aniview\3rdparty\riku\3rdparty\zlib-1.2.11\gzwrite.c(586): warning C4131: 'gzsetparams': uses old-style declarator
d:\aniview\3rdparty\riku\3rdparty\zlib-1.2.11\gzread.c(295): warning C4131: 'gz_read': uses old-style declarator
d:\aniview\3rdparty\riku\3rdparty\zlib-1.2.11\gzlib.c(533): warning C4131: 'gzerror': uses old-style declarator
d:\aniview\3rdparty\riku\3rdparty\zlib-1.2.11\gzread.c(317): warning C4245: '=': conversion from 'int' to 'unsigned int', signed/unsigned mismatch
d:\aniview\3rdparty\riku\3rdparty\zlib-1.2.11\gzlib.c(554): warning C4131: 'gzclearerr': uses old-style declarator
d:\aniview\3rdparty\riku\3rdparty\zlib-1.2.11\gzwrite.c(628): warning C4131: 'gzclose_w': uses old-style declarator
d:\aniview\3rdparty\riku\3rdparty\zlib-1.2.11\gzlib.c(580): warning C4131: 'gz_error': uses old-style declarator
d:\aniview\3rdparty\riku\3rdparty\zlib-1.2.11\gzwrite.c(661): warning C4996: 'close': The POSIX name for this item is deprecated. Instead, use the ISO C and C++ conformant name: _close. See online help for details.
  c:\program files (x86)\windows kits\10\include\10.0.10240.0\ucrt\corecrt_io.h(457): note: see declaration of 'close'
d:\aniview\3rdparty\riku\3rdparty\zlib-1.2.11\gzread.c(376): warning C4131: 'gzread': uses old-style declarator
d:\aniview\3rdparty\riku\3rdparty\zlib-1.2.11\gzread.c(412): warning C4131: 'gzfread': uses old-style declarator
d:\aniview\3rdparty\riku\3rdparty\zlib-1.2.11\gzread.c(448): warning C4131: 'gzgetc': uses old-style declarator
d:\aniview\3rdparty\riku\3rdparty\zlib-1.2.11\inffast.c(51): warning C4131: 'inflate_fast': uses old-style declarator
d:\aniview\3rdparty\riku\3rdparty\zlib-1.2.11\gzread.c(477): warning C4131: 'gzgetc_': uses old-style declarator
d:\aniview\3rdparty\riku\3rdparty\zlib-1.2.11\infback.c(632): warning C4131: 'inflateBackEnd': uses old-style declarator
d:\aniview\3rdparty\riku\3rdparty\zlib-1.2.11\gzread.c(484): warning C4131: 'gzungetc': uses old-style declarator
d:\aniview\3rdparty\riku\3rdparty\zlib-1.2.11\gzread.c(544): warning C4131: 'gzgets': uses old-style declarator
d:\aniview\3rdparty\riku\3rdparty\zlib-1.2.11\gzread.c(608): warning C4131: 'gzdirect': uses old-style declarator
d:\aniview\3rdparty\riku\3rdparty\zlib-1.2.11\gzread.c(628): warning C4131: 'gzclose_r': uses old-style declarator
d:\aniview\3rdparty\riku\3rdparty\zlib-1.2.11\gzread.c(651): warning C4996: 'close': The POSIX name for this item is deprecated. Instead, use the ISO C and C++ conformant name: _close. See online help for details.
  c:\program files (x86)\windows kits\10\include\10.0.10240.0\ucrt\corecrt_io.h(457): note: see declaration of 'close'
  trees.c
  uncompr.c
  zutil.c
d:\aniview\3rdparty\riku\3rdparty\zlib-1.2.11\inflate.c(106): warning C4131: 'inflateStateCheck': uses old-style declarator
d:\aniview\3rdparty\riku\3rdparty\zlib-1.2.11\inflate.c(120): warning C4131: 'inflateResetKeep': uses old-style declarator
d:\aniview\3rdparty\riku\3rdparty\zlib-1.2.11\inflate.c(145): warning C4131: 'inflateReset': uses old-style declarator
d:\aniview\3rdparty\riku\3rdparty\zlib-1.2.11\inflate.c(158): warning C4131: 'inflateReset2': uses old-style declarator
d:\aniview\3rdparty\riku\3rdparty\zlib-1.2.11\inflate.c(196): warning C4131: 'inflateInit2_': uses old-style declarator
d:\aniview\3rdparty\riku\3rdparty\zlib-1.2.11\inflate.c(240): warning C4131: 'inflateInit_': uses old-style declarator
d:\aniview\3rdparty\riku\3rdparty\zlib-1.2.11\inflate.c(248): warning C4131: 'inflatePrime': uses old-style declarator
d:\aniview\3rdparty\riku\3rdparty\zlib-1.2.11\inflate.c(279): warning C4131: 'fixedtables': uses old-style declarator
d:\aniview\3rdparty\riku\3rdparty\zlib-1.2.11\uncompr.c(28): warning C4131: 'uncompress2': uses old-style declarator
d:\aniview\3rdparty\riku\3rdparty\zlib-1.2.11\uncompr.c(87): warning C4131: 'uncompress': uses old-style declarator
d:\aniview\3rdparty\riku\3rdparty\zlib-1.2.11\inflate.c(397): warning C4131: 'updatewindow': uses old-style declarator
d:\aniview\3rdparty\riku\3rdparty\zlib-1.2.11\inflate.c(623): warning C4131: 'inflate': uses old-style declarator
d:\aniview\3rdparty\riku\3rdparty\zlib-1.2.11\inftrees.c(33): warning C4131: 'inflate_table': uses old-style declarator
d:\aniview\3rdparty\riku\3rdparty\zlib-1.2.11\inflate.c(1278): warning C4131: 'inflateEnd': uses old-style declarator
d:\aniview\3rdparty\riku\3rdparty\zlib-1.2.11\inflate.c(1292): warning C4131: 'inflateGetDictionary': uses old-style declarator
d:\aniview\3rdparty\riku\3rdparty\zlib-1.2.11\inflate.c(1315): warning C4131: 'inflateSetDictionary': uses old-style declarator
d:\aniview\3rdparty\riku\3rdparty\zlib-1.2.11\inflate.c(1350): warning C4131: 'inflateGetHeader': uses old-style declarator
d:\aniview\3rdparty\riku\3rdparty\zlib-1.2.11\inflate.c(1378): warning C4131: 'syncsearch': uses old-style declarator
d:\aniview\3rdparty\riku\3rdparty\zlib-1.2.11\inflate.c(1401): warning C4131: 'inflateSync': uses old-style declarator
d:\aniview\3rdparty\riku\3rdparty\zlib-1.2.11\inflate.c(1452): warning C4131: 'inflateSyncPoint': uses old-style declarator
d:\aniview\3rdparty\riku\3rdparty\zlib-1.2.11\inflate.c(1462): warning C4131: 'inflateCopy': uses old-style declarator
d:\aniview\3rdparty\riku\3rdparty\zlib-1.2.11\inflate.c(1509): warning C4131: 'inflateUndermine': uses old-style declarator
d:\aniview\3rdparty\riku\3rdparty\zlib-1.2.11\inflate.c(1527): warning C4131: 'inflateValidate': uses old-style declarator
d:\aniview\3rdparty\riku\3rdparty\zlib-1.2.11\inflate.c(1542): warning C4131: 'inflateMark': uses old-style declarator
d:\aniview\3rdparty\riku\3rdparty\zlib-1.2.11\inflate.c(1555): warning C4131: 'inflateCodesUsed': uses old-style declarator
d:\aniview\3rdparty\riku\3rdparty\zlib-1.2.11\trees.c(380): warning C4131: '_tr_init': uses old-style declarator
d:\aniview\3rdparty\riku\3rdparty\zlib-1.2.11\trees.c(408): warning C4131: 'init_block': uses old-style declarator
d:\aniview\3rdparty\riku\3rdparty\zlib-1.2.11\trees.c(452): warning C4131: 'pqdownheap': uses old-style declarator
d:\aniview\3rdparty\riku\3rdparty\zlib-1.2.11\trees.c(487): warning C4131: 'gen_bitlen': uses old-style declarator
d:\aniview\3rdparty\riku\3rdparty\zlib-1.2.11\trees.c(573): warning C4131: 'gen_codes': uses old-style declarator
d:\aniview\3rdparty\riku\3rdparty\zlib-1.2.11\trees.c(616): warning C4131: 'build_tree': uses old-style declarator
d:\aniview\3rdparty\riku\3rdparty\zlib-1.2.11\trees.c(704): warning C4131: 'scan_tree': uses old-style declarator
d:\aniview\3rdparty\riku\3rdparty\zlib-1.2.11\trees.c(724): warning C4244: '+=': conversion from 'int' to 'ush', possible loss of data
d:\aniview\3rdparty\riku\3rdparty\zlib-1.2.11\trees.c(749): warning C4131: 'send_tree': uses old-style declarator
d:\aniview\3rdparty\riku\3rdparty\zlib-1.2.11\trees.c(800): warning C4131: 'build_bl_tree': uses old-style declarator
d:\aniview\3rdparty\riku\3rdparty\zlib-1.2.11\trees.c(835): warning C4131: 'send_all_trees': uses old-style declarator
d:\aniview\3rdparty\riku\3rdparty\zlib-1.2.11\trees.c(864): warning C4131: '_tr_stored_block': uses old-style declarator
d:\aniview\3rdparty\riku\3rdparty\zlib-1.2.11\trees.c(887): warning C4131: '_tr_flush_bits': uses old-style declarator
d:\aniview\3rdparty\riku\3rdparty\zlib-1.2.11\trees.c(897): warning C4131: '_tr_align': uses old-style declarator
d:\aniview\3rdparty\riku\3rdparty\zlib-1.2.11\trees.c(912): warning C4131: '_tr_flush_block': uses old-style declarator
d:\aniview\3rdparty\riku\3rdparty\zlib-1.2.11\trees.c(1015): warning C4131: '_tr_tally': uses old-style declarator
d:\aniview\3rdparty\riku\3rdparty\zlib-1.2.11\trees.c(1065): warning C4131: 'compress_block': uses old-style declarator
d:\aniview\3rdparty\riku\3rdparty\zlib-1.2.11\trees.c(1125): warning C4131: 'detect_data_type': uses old-style declarator
d:\aniview\3rdparty\riku\3rdparty\zlib-1.2.11\trees.c(1159): warning C4131: 'bi_reverse': uses old-style declarator
d:\aniview\3rdparty\riku\3rdparty\zlib-1.2.11\trees.c(1174): warning C4131: 'bi_flush': uses old-style declarator
d:\aniview\3rdparty\riku\3rdparty\zlib-1.2.11\trees.c(1191): warning C4131: 'bi_windup': uses old-style declarator
d:\aniview\3rdparty\riku\3rdparty\zlib-1.2.11\zutil.c(134): warning C4131: 'zError': uses old-style declarator
d:\aniview\3rdparty\riku\3rdparty\zlib-1.2.11\zutil.c(306): warning C4131: 'zcalloc': uses old-style declarator
d:\aniview\3rdparty\riku\3rdparty\zlib-1.2.11\zutil.c(316): warning C4131: 'zcfree': uses old-style declarator
  riku.vcxproj -> D:\aniview\build\projects\vs2017\..\..\windows_x32_vs2017\bin\riku.debug.lib
